2021-06-21 15:33:00 web          DEBUG    Found user name and password
2021-06-21 15:33:00 web          DEBUG    User authenticated
2021-06-21 15:33:00 web          DEBUG    User logged in
2021-06-21 15:33:00 web          ERROR    Missing keys from data- Username and password
Traceback (most recent call last):
  File "/Users/ankitsharma/Desktop/ashutosh/amos-ss2021-emba-service/embark/users/views.py", line 32, in signin
    username = body['email']
KeyError: 'email'
2021-06-21 15:33:00 web          DEBUG    Found user name and password
2021-06-21 15:33:00 web          DEBUG    User could not be authenticated
2021-07-02 16:24:39 web          INFO     Added job resource_tracker.
2021-07-02 16:24:39 web          INFO     Added weekly job: 'delete_old_job_executions'.
2021-07-02 16:24:39 web          INFO     Starting scheduler for tracking...
2021-07-02 16:25:02 web          ERROR    export load
2021-07-02 16:29:24 web          INFO     Added job resource_tracker.
2021-07-02 16:29:24 web          INFO     Added weekly job: 'delete_old_job_executions'.
2021-07-02 16:29:24 web          INFO     Starting scheduler for tracking...
2021-07-02 16:32:29 web          INFO     Added job resource_tracker.
2021-07-02 16:32:29 web          INFO     Added weekly job: 'delete_old_job_executions'.
2021-07-02 16:32:29 web          INFO     Starting scheduler for tracking...
2021-07-02 16:34:29 web          INFO     Added job resource_tracker.
2021-07-02 16:34:29 web          INFO     Added weekly job: 'delete_old_job_executions'.
2021-07-02 16:34:29 web          INFO     Starting scheduler for tracking...
2021-07-02 16:35:05 web          INFO     Added job resource_tracker.
2021-07-02 16:35:05 web          INFO     Added weekly job: 'delete_old_job_executions'.
2021-07-02 16:35:05 web          INFO     Starting scheduler for tracking...
2021-07-02 16:36:38 web          INFO     Added job resource_tracker.
2021-07-02 16:36:38 web          INFO     Added weekly job: 'delete_old_job_executions'.
2021-07-02 16:36:38 web          INFO     Starting scheduler for tracking...
2021-07-02 16:37:30 web          INFO     Added job resource_tracker.
2021-07-02 16:37:30 web          INFO     Added weekly job: 'delete_old_job_executions'.
2021-07-02 16:37:30 web          INFO     Starting scheduler for tracking...
2021-07-02 16:38:17 web          DEBUG    Passwords match. Creating user
2021-07-02 16:38:18 web          DEBUG    User created
2021-07-02 16:38:18 web          DEBUG    User authenticated
2021-07-02 16:38:18 web          DEBUG    User logged in
2021-07-02 16:38:29 web          DEBUG    Found user name and password
2021-07-02 16:38:29 web          DEBUG    User authenticated
2021-07-02 16:38:29 web          DEBUG    User logged in
2021-07-02 16:38:32 web          ERROR    export load
2021-07-02 16:38:36 web          DEBUG    firmwares: 
 <QuerySet []>
2021-07-02 16:38:37 web          ERROR    export load
2021-07-02 16:40:11 web          INFO     Posted Form is valid
2021-07-02 16:40:23 web          INFO     Posted Form is valid
2021-07-02 16:40:23 web          INFO     Unpacked file successful: /app/embark/uploadedFirmwareImages/1/DIR300B5_FW214WWB01.zip
2021-07-02 16:40:23 web          ERROR    /app/embark/uploadedFirmwareImages/active_2/DIR300B5_FW214WWB01.bin
2021-07-02 16:40:23 web          INFO     Starting: cd /app/emba/ && ./emba.sh -f /app/embark/uploadedFirmwareImages/active_2/DIR300B5_FW214WWB01.bin -l /app/emba/emba_logs/2  -g -s -z -W -F -t
2021-07-02 16:40:24 web          INFO     read loop started for 2
2021-07-02 16:41:05 web          INFO     Added job resource_tracker.
2021-07-02 16:41:05 web          INFO     Added weekly job: 'delete_old_job_executions'.
2021-07-02 16:41:05 web          INFO     Starting scheduler for tracking...
2021-07-02 16:42:38 web          INFO     Added job resource_tracker.
2021-07-02 16:42:38 web          INFO     Added weekly job: 'delete_old_job_executions'.
2021-07-02 16:42:38 web          INFO     Starting scheduler for tracking...
2021-07-02 16:43:44 web          INFO     Posted Form is valid
2021-07-02 16:44:52 web          INFO     Posted Form is valid
2021-07-02 16:44:52 web          INFO     Unpacked file successful: /app/embark/uploadedFirmwareImages/1/DIR300B5_FW214WWB01.zip
2021-07-02 16:44:52 web          ERROR    /app/embark/uploadedFirmwareImages/active_4/DIR300B5_FW214WWB01.bin
2021-07-02 16:44:52 web          INFO     Starting: cd /app/emba/ && ./emba.sh -f /app/embark/uploadedFirmwareImages/active_4/DIR300B5_FW214WWB01.bin -l /app/emba/emba_logs/4  -g -s -z -W -F -t
2021-07-02 16:44:53 web          INFO     read loop started for 4
2021-07-02 17:04:14 web          INFO     Success: cd /app/emba/ && ./emba.sh -f /app/embark/uploadedFirmwareImages/active_4/DIR300B5_FW214WWB01.bin -l /app/emba/emba_logs/4  -g -s -z -W -F -t
2021-07-02 17:04:14 web          INFO     Reading report from:
2021-07-02 17:04:14 web          INFO     {'FW_path': '/app/emba/emba_logs/4/firmware', 'emba_command': './emba.sh -f /app/embark/uploadedFirmwareImages/active_4/DIR300B5_FW214WWB01.bin -l /app/emba/emba_logs/4 -g -s -z -W -F -t', 'architecture_verified': 'MIPS', 'os_unverified': 'VxWorks - #70', 'os_verified': 'Linux / v2.6.33.2', 'files': '1091', 'directories': '91', 'entropy_value': ' 7.989077 bits per byte.', 'shell_scripts': '78', 'shell_script_vulns': '182', 'kernel_modules': '3', 'kernel_modules_lic': '0', 'interesting_files': '0', 'post_files': '1', 'canary': '82', 'canary_per': '100', 'relro': '81', 'relro_per': '99', 'nx': '82', 'nx_per': '100', 'pie': '45', 'pie_per': '55', 'stripped': '41', 'stripped_per': '50', 'bins_checked': '82', 'strcpy': '264', 'strcpy_bin': {'igmpproxy': '37', 'dnsmasq': '28', 'updatewifistats': '21', 'iwconfig': '21', 'cgibin': '16', 'httpd': '13', 'libip6tc.so.0.0.0': '12', 'libip4tc.so.0.0.0': '12', 'pppd': '9', 'servd': '7'}}
2021-07-02 17:04:14 web          INFO     Successful cleaned up: cd /app/emba/ && ./emba.sh -f /app/embark/uploadedFirmwareImages/active_4/DIR300B5_FW214WWB01.bin -l /app/emba/emba_logs/4  -g -s -z -W -F -t
